<?xml version="1.0" encoding="UTF-8"?>
<!-- Generated by org.testng.reporters.JUnitReportReporter -->
<testsuite hostname="Rohini" failures="0" tests="2" name="testNG.NewTest" time="0.006" errors="0" timestamp="2023-10-11T16:29:14 IST" skipped="0">
  <testcase classname="testNG.NewTest" name="testcase1" time="0.004"/>
  <system-out/>
  <testcase classname="testNG.NewTest" name="testcase2" time="0.002"/>
  <system-out/>
</testsuite> <!-- testNG.NewTest -->
